Logfile initialized
[INFO] logfile = /Users/kwhinnery/dev/appc/workspace/HybridApp/build.log
[DEBUG] /Users/kwhinnery/Library/Application Support/Titanium/mobilesdk/osx/1.8.1/android/builder.py simulator HybridApp /Users/kwhinnery/dev/android/sdk /Users/kwhinnery/dev/appc/workspace/HybridApp com.appcelerator.hybrid 13 WVGA854 
[INFO] Building HybridApp for Android ... one moment
[INFO] Titanium SDK version: 1.8.1 (01/27/12 17:31 a24502a)
[DEBUG] Waiting for device to be ready ...
[TRACE] adb devices returned 1 devices/emulators
[DEBUG] Device connected... (waited 0 seconds)
[DEBUG] waited 0.099775 seconds on emulator to get ready
[DEBUG] com.appcelerator.hybrid installed? True
[INFO] Fastdev server running, deploying in Fastdev mode
[INFO] Copying project resources..
[TRACE] COPYING MODIFIED FILE: /Users/kwhinnery/dev/appc/workspace/HybridApp/Resources/index.html => /Users/kwhinnery/dev/appc/workspace/HybridApp/build/android/bin/assets/Resources/index.html
[INFO] Tiapp.xml unchanged, skipping class generation
[DEBUG] Processing Android resource drawables
[DEBUG] found drawable-long-land-hdpi splash screen at /Users/kwhinnery/dev/appc/workspace/HybridApp/Resources/android/images/res-long-land-hdpi/default.png
[DEBUG] found drawable-long-land-ldpi splash screen at /Users/kwhinnery/dev/appc/workspace/HybridApp/Resources/android/images/res-long-land-ldpi/default.png
[DEBUG] found drawable-long-port-hdpi splash screen at /Users/kwhinnery/dev/appc/workspace/HybridApp/Resources/android/images/res-long-port-hdpi/default.png
[DEBUG] found drawable-long-port-ldpi splash screen at /Users/kwhinnery/dev/appc/workspace/HybridApp/Resources/android/images/res-long-port-ldpi/default.png
[DEBUG] found drawable-notlong-land-hdpi splash screen at /Users/kwhinnery/dev/appc/workspace/HybridApp/Resources/android/images/res-notlong-land-hdpi/default.png
[DEBUG] found drawable-notlong-land-ldpi splash screen at /Users/kwhinnery/dev/appc/workspace/HybridApp/Resources/android/images/res-notlong-land-ldpi/default.png
[DEBUG] found drawable-notlong-land-mdpi splash screen at /Users/kwhinnery/dev/appc/workspace/HybridApp/Resources/android/images/res-notlong-land-mdpi/default.png
[DEBUG] found drawable-notlong-port-hdpi splash screen at /Users/kwhinnery/dev/appc/workspace/HybridApp/Resources/android/images/res-notlong-port-hdpi/default.png
[DEBUG] found drawable-notlong-port-ldpi splash screen at /Users/kwhinnery/dev/appc/workspace/HybridApp/Resources/android/images/res-notlong-port-ldpi/default.png
[DEBUG] found drawable-notlong-port-mdpi splash screen at /Users/kwhinnery/dev/appc/workspace/HybridApp/Resources/android/images/res-notlong-port-mdpi/default.png
[INFO] Waiting for SDCard to become available..
[INFO] Re-launching application ... HybridApp
[INFO] Launching application ... HybridApp
[TRACE] Launch output: Starting: Intent { act=android.intent.action.MAIN cat=[android.intent.category.LAUNCHER] cmp=com.appcelerator.hybrid/.HybridappActivity }

